<?xml version="1.0" encoding="UTF-8" ?>
<testsuite errors="0" failures="0" hostname="NAGYOKOS" name="net.jsunit.StandaloneTest" tests="4" time="155.295" timestamp="2012-01-24T18:55:18">
  <properties>
[...]
</properties>
  <testcase classname="net.jsunit.StandaloneTest" name="C:/Users/zsolt.zsuffa/AppData/Local/Google/Chrome/Application/chrome.exe" time="26.368" />
  <testcase classname="net.jsunit.StandaloneTest" name="c:/Program Files (x86)/Internet Explorer/iexplore.exe" time="62.442" />
  <testcase classname="net.jsunit.StandaloneTest" name="c:/Program Files (x86)/Mozilla Firefox/firefox.exe" time="24.153" />
  <testcase classname="net.jsunit.StandaloneTest" name="c:/Program Files (x86)/Safari/Safari.exe" time="42.173" />
  <system-out><![CDATA[- Could not find webwork.properties
- Checking Resource aliases
- Version Jetty/5.1.11RC0
- Started org.mortbay.jetty.servlet.ServletHandler@12b3519c
- Started ServletHttpContext[/jsunit,/jsunit]
- Started SocketListener on 0.0.0.0:9001
- Started org.mortbay.jetty.Server@13653d7a
- Could not load portlet-api, disabling webwork's portlet support.
- Stopping Acceptor ServerSocket[addr=0.0.0.0/0.0.0.0,port=0,localport=9001]
- Stopped SocketListener on 0.0.0.0:9001
- Stopped org.mortbay.jetty.servlet.ServletHandler@12b3519c
- Stopped ServletHttpContext[/jsunit,/jsunit]
- Stopped org.mortbay.jetty.Server@13653d7a
- Version Jetty/5.1.11RC0
- Started org.mortbay.jetty.servlet.ServletHandler@615d5d35
- Started ServletHttpContext[/jsunit,/jsunit]
- Started SocketListener on 0.0.0.0:9001
- Started org.mortbay.jetty.Server@21cacaa7
- Stopping Acceptor ServerSocket[addr=0.0.0.0/0.0.0.0,port=0,localport=9001]
- Stopped SocketListener on 0.0.0.0:9001
- Stopped org.mortbay.jetty.servlet.ServletHandler@615d5d35
- Stopped ServletHttpContext[/jsunit,/jsunit]
- Stopped org.mortbay.jetty.Server@21cacaa7
- Version Jetty/5.1.11RC0
- Started org.mortbay.jetty.servlet.ServletHandler@4f9a2df9
- Started ServletHttpContext[/jsunit,/jsunit]
- Started SocketListener on 0.0.0.0:9001
- Started org.mortbay.jetty.Server@67c9c73
- Stopping Acceptor ServerSocket[addr=0.0.0.0/0.0.0.0,port=0,localport=9001]
- Stopped SocketListener on 0.0.0.0:9001
- Stopped org.mortbay.jetty.servlet.ServletHandler@4f9a2df9
- Stopped ServletHttpContext[/jsunit,/jsunit]
- Stopped org.mortbay.jetty.Server@67c9c73
- Version Jetty/5.1.11RC0
- Started org.mortbay.jetty.servlet.ServletHandler@6bf7137
- Started ServletHttpContext[/jsunit,/jsunit]
- Started SocketListener on 0.0.0.0:9001
- Started org.mortbay.jetty.Server@58101afe
- Stopping Acceptor ServerSocket[addr=0.0.0.0/0.0.0.0,port=0,localport=9001]
- Stopped SocketListener on 0.0.0.0:9001
- Stopped org.mortbay.jetty.servlet.ServletHandler@6bf7137
- Stopped ServletHttpContext[/jsunit,/jsunit]
- Stopped org.mortbay.jetty.Server@58101afe
]]></system-out>
  <system-err><![CDATA[2012.01.24. 19:55:18: Starting Server Server with configuration:
<configuration type="SERVER">
  <os>Windows 7 - amd64</os>
  <ipAddress>172.26.183.5</ipAddress>
  <hostname>172.26.183.5</hostname>
  <browserFileNames>
    <browserFileName id="0">C:/Users/zsolt.zsuffa/AppData/Local/Google/Chrome/Application/chrome.exe</browserFileName>
  </browserFileNames>
  <closeBrowsersAfterTestRuns>true</closeBrowsersAfterTestRuns>
  <description>Test JavaScripts on Windows Vista / TomCat server.</description>
  <ignoreUnresponsiveRemoteMachines>false</ignoreUnresponsiveRemoteMachines>
  <logsDirectory>E:\GitRepositories\ProcessPuzzleUI\Implementation\WebTier\Build\Reports\JsUnit\xml</logsDirectory>
  <port>9001</port>
  <remoteMachineURLs />
  <resourceBase>e:\DevEnv\Tomcat 7.0\webapps\ProcessPuzzleUI\JavaScript\JsUnit</resourceBase>
  <timeoutSeconds>240</timeoutSeconds>
  <url>http://localhost:8080/ProcessPuzzleUI/JavaScript/JsUnit/testRunner.html?testPage=http://localhost:8080/ProcessPuzzleUI/JavaScript/ObjectTests/TestSuite.html</url>
</configuration>
2012.01.24. 19:55:18: Starting Test Run
2012.01.24. 19:55:18: Launching C:/Users/zsolt.zsuffa/AppData/Local/Google/Chrome/Application/chrome.exe on http://localhost:8080/ProcessPuzzleUI/JavaScript/JsUnit/testRunner.html?testPage=http://localhost:8080/ProcessPuzzleUI/JavaScript/ObjectTests/TestSuite.html&autoRun=true&browserId=0&submitResults=localhost:9001/jsunit/acceptor
2012.01.24. 19:55:18: Waiting for C:/Users/zsolt.zsuffa/AppData/Local/Google/Chrome/Application/chrome.exe to submit result
2012.01.24. 19:55:43: Received submission from browser C:/Users/zsolt.zsuffa/AppData/Local/Google/Chrome/Application/chrome.exe
2012.01.24. 19:55:43: Failed to write result XML response to browser: EOFException(EOFException(java.net.SocketException: Connection reset by peer: socket write error))
2012.01.24. 19:55:44: Test Run Completed
2012.01.24. 19:55:44: Stopping JsUnit Server
2012.01.24. 19:55:44: Starting Server Server with configuration:
<configuration type="SERVER">
  <os>Windows 7 - amd64</os>
  <ipAddress>172.26.183.5</ipAddress>
  <hostname>172.26.183.5</hostname>
  <browserFileNames>
    <browserFileName id="0">c:/Program Files (x86)/Internet Explorer/iexplore.exe</browserFileName>
  </browserFileNames>
  <closeBrowsersAfterTestRuns>true</closeBrowsersAfterTestRuns>
  <description>Test JavaScripts on Windows Vista / TomCat server.</description>
  <ignoreUnresponsiveRemoteMachines>false</ignoreUnresponsiveRemoteMachines>
  <logsDirectory>E:\GitRepositories\ProcessPuzzleUI\Implementation\WebTier\Build\Reports\JsUnit\xml</logsDirectory>
  <port>9001</port>
  <remoteMachineURLs />
  <resourceBase>e:\DevEnv\Tomcat 7.0\webapps\ProcessPuzzleUI\JavaScript\JsUnit</resourceBase>
  <timeoutSeconds>240</timeoutSeconds>
  <url>http://localhost:8080/ProcessPuzzleUI/JavaScript/JsUnit/testRunner.html?testPage=http://localhost:8080/ProcessPuzzleUI/JavaScript/ObjectTests/TestSuite.html</url>
</configuration>
2012.01.24. 19:55:44: Starting Test Run
2012.01.24. 19:55:44: Launching Internet Explorer on http://localhost:8080/ProcessPuzzleUI/JavaScript/JsUnit/testRunner.html?testPage=http://localhost:8080/ProcessPuzzleUI/JavaScript/ObjectTests/TestSuite.html&autoRun=true&browserId=0&submitResults=localhost:9001/jsunit/acceptor
2012.01.24. 19:55:44: Waiting for Internet Explorer to submit result
2012.01.24. 19:56:46: Received submission from browser Internet Explorer
2012.01.24. 19:56:46: Failed to write result XML response to browser: java.net.SocketException: Connection reset by peer: socket write error
2012.01.24. 19:56:46: Test Run Completed
2012.01.24. 19:56:46: Stopping JsUnit Server
2012.01.24. 19:56:46: Starting Server Server with configuration:
<configuration type="SERVER">
  <os>Windows 7 - amd64</os>
  <ipAddress>172.26.183.5</ipAddress>
  <hostname>172.26.183.5</hostname>
  <browserFileNames>
    <browserFileName id="0">c:/Program Files (x86)/Mozilla Firefox/firefox.exe</browserFileName>
  </browserFileNames>
  <closeBrowsersAfterTestRuns>true</closeBrowsersAfterTestRuns>
  <description>Test JavaScripts on Windows Vista / TomCat server.</description>
  <ignoreUnresponsiveRemoteMachines>false</ignoreUnresponsiveRemoteMachines>
  <logsDirectory>E:\GitRepositories\ProcessPuzzleUI\Implementation\WebTier\Build\Reports\JsUnit\xml</logsDirectory>
  <port>9001</port>
  <remoteMachineURLs />
  <resourceBase>e:\DevEnv\Tomcat 7.0\webapps\ProcessPuzzleUI\JavaScript\JsUnit</resourceBase>
  <timeoutSeconds>240</timeoutSeconds>
  <url>http://localhost:8080/ProcessPuzzleUI/JavaScript/JsUnit/testRunner.html?testPage=http://localhost:8080/ProcessPuzzleUI/JavaScript/ObjectTests/TestSuite.html</url>
</configuration>
2012.01.24. 19:56:46: Starting Test Run
2012.01.24. 19:56:46: Launching Firefox on http://localhost:8080/ProcessPuzzleUI/JavaScript/JsUnit/testRunner.html?testPage=http://localhost:8080/ProcessPuzzleUI/JavaScript/ObjectTests/TestSuite.html&autoRun=true&browserId=0&submitResults=localhost:9001/jsunit/acceptor
2012.01.24. 19:56:46: Waiting for Firefox to submit result
2012.01.24. 19:57:09: Received submission from browser Firefox
2012.01.24. 19:57:10: Failed to write result XML response to browser: EOFException(EOFException(java.net.SocketException: Connection reset by peer: socket write error))
2012.01.24. 19:57:10: Test Run Completed
2012.01.24. 19:57:10: Stopping JsUnit Server
2012.01.24. 19:57:11: Starting Server Server with configuration:
<configuration type="SERVER">
  <os>Windows 7 - amd64</os>
  <ipAddress>172.26.183.5</ipAddress>
  <hostname>172.26.183.5</hostname>
  <browserFileNames>
    <browserFileName id="0">c:/Program Files (x86)/Safari/Safari.exe</browserFileName>
  </browserFileNames>
  <closeBrowsersAfterTestRuns>true</closeBrowsersAfterTestRuns>
  <description>Test JavaScripts on Windows Vista / TomCat server.</description>
  <ignoreUnresponsiveRemoteMachines>false</ignoreUnresponsiveRemoteMachines>
  <logsDirectory>E:\GitRepositories\ProcessPuzzleUI\Implementation\WebTier\Build\Reports\JsUnit\xml</logsDirectory>
  <port>9001</port>
  <remoteMachineURLs />
  <resourceBase>e:\DevEnv\Tomcat 7.0\webapps\ProcessPuzzleUI\JavaScript\JsUnit</resourceBase>
  <timeoutSeconds>240</timeoutSeconds>
  <url>http://localhost:8080/ProcessPuzzleUI/JavaScript/JsUnit/testRunner.html?testPage=http://localhost:8080/ProcessPuzzleUI/JavaScript/ObjectTests/TestSuite.html</url>
</configuration>
2012.01.24. 19:57:11: Starting Test Run
2012.01.24. 19:57:11: Launching Safari on http://localhost:8080/ProcessPuzzleUI/JavaScript/JsUnit/testRunner.html?testPage=http://localhost:8080/ProcessPuzzleUI/JavaScript/ObjectTests/TestSuite.html&autoRun=true&browserId=0&submitResults=localhost:9001/jsunit/acceptor
2012.01.24. 19:57:11: Waiting for Safari to submit result
2012.01.24. 19:57:52: Received submission from browser Safari
2012.01.24. 19:57:52: Failed to write result XML response to browser: java.net.SocketException: Connection reset by peer: socket write error
2012.01.24. 19:57:53: Test Run Completed
2012.01.24. 19:57:53: Stopping JsUnit Server
]]></system-err>
</testsuite>
